\BOOKMARK [1][-]{section.1}{自相关性}{}% 1
\BOOKMARK [2][-]{subsection.1.1}{随机变量统计量}{section.1}% 2
\BOOKMARK [2][-]{subsection.1.2}{时序序列平稳性}{section.1}% 3
\BOOKMARK [2][-]{subsection.1.3}{自协方差}{section.1}% 4
\BOOKMARK [2][-]{subsection.1.4}{自相关系数函数ACF}{section.1}% 5
\BOOKMARK [2][-]{subsection.1.5}{自相关性举例}{section.1}% 6
\BOOKMARK [2][-]{subsection.1.6}{白噪声和随机游走}{section.1}% 7
\BOOKMARK [3][-]{subsubsection.1.6.1}{残差序列定义}{subsection.1.6}% 8
\BOOKMARK [3][-]{subsubsection.1.6.2}{差分运算符}{subsection.1.6}% 9
\BOOKMARK [3][-]{subsubsection.1.6.3}{白噪声定义}{subsection.1.6}% 10
\BOOKMARK [3][-]{subsubsection.1.6.4}{随机游走}{subsection.1.6}% 11
\BOOKMARK [1][-]{section.2}{ARIMA模型}{}% 12
\BOOKMARK [2][-]{subsection.2.1}{稳定性和模型选择标准}{section.2}% 13
\BOOKMARK [3][-]{subsubsection.2.1.1}{强稳定性}{subsection.2.1}% 14
\BOOKMARK [3][-]{subsubsection.2.1.2}{模型选择标准}{subsection.2.1}% 15
\BOOKMARK [2][-]{subsection.2.2}{自回归模型}{section.2}% 16
\BOOKMARK [3][-]{subsubsection.2.2.1}{背景}{subsection.2.2}% 17
\BOOKMARK [3][-]{subsubsection.2.2.2}{模型定义}{subsection.2.2}% 18
\BOOKMARK [3][-]{subsubsection.2.2.3}{二阶特性}{subsection.2.2}% 19
\BOOKMARK [3][-]{subsubsection.2.2.4}{相关图}{subsection.2.2}% 20
\BOOKMARK [3][-]{subsubsection.2.2.5}{模拟数据}{subsection.2.2}% 21
\BOOKMARK [3][-]{subsubsection.2.2.6}{金融数据拟合}{subsection.2.2}% 22
\BOOKMARK [3][-]{subsubsection.2.2.7}{预测}{subsection.2.2}% 23
\BOOKMARK [1][-]{section.3}{汇总}{}% 24
